2023-12-28 14:04:26.243 [info] Added views:workbench.panel.markers.view in workbench.panel.markers
2023-12-28 14:04:26.243 [info] Added views:workbench.panel.output in workbench.panel.output
2023-12-28 14:04:26.243 [info] Added views:terminal in terminal
2023-12-28 14:04:26.243 [info] Added views:outline in workbench.view.explorer
2023-12-28 14:04:26.243 [info] Added views:workbench.scm in workbench.view.scm
2023-12-28 14:04:26.243 [info] Added views:workbench.view.search in workbench.view.search
2023-12-28 14:04:26.243 [info] Added views:timeline in workbench.view.explorer
2023-12-28 14:04:26.243 [info] Added views:workbench.explorer.emptyView in workbench.view.explorer
2023-12-28 14:04:26.978 [info] Added views:workbench.debug.variablesView,workbench.debug.watchExpressionsView,workbench.debug.callStackView,workbench.debug.breakPointsView in workbench.view.debug
2023-12-28 14:04:27.245 [info] Added views:~remote.forwardedPorts in ~remote.forwardedPortsContainer
2023-12-28 14:04:28.247 [info] Added views:workbench.panel.repl.view in workbench.panel.repl
2023-12-28 14:04:28.248 [info] Removed views:workbench.debug.breakPointsView,workbench.debug.callStackView,workbench.debug.watchExpressionsView,workbench.debug.variablesView from workbench.view.debug
2023-12-28 14:04:28.249 [info] Added views:workbench.debug.welcome in workbench.view.debug
2023-12-28 14:04:48.455 [info] Added views:workbench.views.extensions.installed,workbench.views.extensions.popular,extensions.recommendedList in workbench.view.extensions
2023-12-28 14:04:48.460 [info] Removed views:workbench.views.extensions.popular from workbench.view.extensions
2023-12-28 14:04:49.016 [info] Added views:workbench.views.extensions.popular in workbench.view.extensions
2023-12-28 14:04:49.122 [info] Removed views:extensions.recommendedList,workbench.views.extensions.popular,workbench.views.extensions.installed from workbench.view.extensions
2023-12-28 14:04:49.141 [info] Added views:workbench.views.extensions.otherRecommendations in workbench.view.extensions
2023-12-28 14:04:55.134 [info] Removed views:workbench.views.extensions.otherRecommendations from workbench.view.extensions
2023-12-28 14:04:55.161 [info] Added views:workbench.views.extensions.installed,workbench.views.extensions.popular,extensions.recommendedList in workbench.view.extensions
2023-12-28 14:04:57.421 [info] Removed views:extensions.recommendedList,workbench.views.extensions.popular,workbench.views.extensions.installed from workbench.view.extensions
2023-12-28 14:04:57.434 [info] Added views:workbench.views.extensions.marketplace in workbench.view.extensions
2023-12-28 14:06:28.941 [info] Removed views:workbench.views.extensions.marketplace from workbench.view.extensions
2023-12-28 14:06:28.959 [info] Added views:workbench.views.extensions.installed,workbench.views.extensions.popular,extensions.recommendedList in workbench.view.extensions
2023-12-28 14:06:30.626 [info] Removed views:extensions.recommendedList,workbench.views.extensions.popular,workbench.views.extensions.installed from workbench.view.extensions
2023-12-28 14:06:30.640 [info] Added views:workbench.views.extensions.marketplace in workbench.view.extensions
2023-12-28 14:06:50.222 [info] Added views:workbench.view.testing in workbench.view.extension.test
2023-12-28 14:09:58.449 [info] Removed views:workbench.view.testing from workbench.view.extension.test
