VSCodium (1.85.1, undefined, desktop)
Jupyter Extension Version: 2023.9.100.
Python Extension not installed.
Platform: linux (x64).
No workspace folder opened.
14:06:12.718 [info] Telemetry level is off
14:06:12.718 [info] Experiments are disabled, only manually opted experiments are active.
14:06:13.047 [info] Start refreshing Kernel Picker (1703768773047)
14:06:13.065 [info] Not using Pylance
14:06:13.093 [info] Process Execution: /jupyter notebook --version
14:06:13.112 [info] Process Execution: /jupyter lab --version
14:06:13.175 [info] End refreshing Kernel Picker (1703768773047)
14:06:49.868 [warn] Disposing old controller startUsingLocalKernelSpec:'.school.~/miniforge3/envs/School/python./.-m#ipykernel_launcher' for view = 'jupyter-notebook'
14:06:49.876 [warn] Disposing old controller startUsingLocalKernelSpec:'.school.~/miniforge3/envs/School/python./.-m#ipykernel_launcher (Interactive)' for view = 'interactive'
14:06:49.877 [info] End refreshing Kernel Picker (1703768773047)
14:06:50.257 [warn] No interpreter with path ~/miniforge3/envs/School/bin/python found in Python API, will convert Uri path to string as Id ~/miniforge3/envs/School/bin/python
14:06:51.723 [warn] Failed to get activated env vars for /bin/python in 65ms
14:06:51.739 [info] Process Execution: /bin/python -c "import site;print("USER_BASE_VALUE");print(site.USER_BASE);print("USER_BASE_VALUE");"
14:06:51.787 [info] Process Execution: /bin/python -m pip list
14:06:52.642 [info] End refreshing Kernel Picker (1703768773047)
14:09:58.456 [info] Disposing HostJupyterExecution
14:09:58.456 [info] Shutting down notebooks for c81bc8d9-c901-400f-948f-4291203bd3fb
14:09:58.457 [info] Disposing HostJupyterExecution
