2023-12-28 14:06:50.316 [info] Telemetry level is off
2023-12-28 14:06:50.316 [info] Experiments are disabled, only manually opted experiments are active.
2023-12-28 14:06:50.316 [info] Test server listening.
2023-12-28 14:06:50.316 [info] > conda info --json
2023-12-28 14:06:50.317 [warning] Retry failed, storage update failed for key PYTHON_GLOBAL_STORAGE_KEYS
2023-12-28 14:06:50.324 [info] Found: /bin/python --> /bin/python3.12
2023-12-28 14:06:50.344 [warning] Retry failed, storage update failed for key PYTHON_GLOBAL_STORAGE_KEYS
2023-12-28 14:06:50.344 [warning] Retry failed, storage update failed for key PYTHON_GLOBAL_STORAGE_KEYS
2023-12-28 14:06:50.344 [warning] Retry failed, storage update failed for key PYTHON_GLOBAL_STORAGE_KEYS
2023-12-28 14:06:50.344 [warning] Retry failed, storage update failed for key PYTHON_WORKSPACE_STORAGE_KEYS
2023-12-28 14:06:50.344 [warning] Retry failed, storage update failed for key PYTHON_WORKSPACE_STORAGE_KEYS
2023-12-28 14:06:50.344 [warning] Retry failed, storage update failed for key PYTHON_WORKSPACE_STORAGE_KEYS
2023-12-28 14:06:50.345 [info] Found: /bin/python3 --> /bin/python3.12
2023-12-28 14:06:50.345 [info] Found: /bin/python3.12 --> /bin/python3.12
2023-12-28 14:06:50.361 [info] Found: /usr/bin/python --> /usr/bin/python3.12
2023-12-28 14:06:50.361 [info] Found: /usr/bin/python3 --> /usr/bin/python3.12
2023-12-28 14:06:50.361 [info] Found: /usr/bin/python3.12 --> /usr/bin/python3.12
2023-12-28 14:06:50.398 [info] > /bin/python -I ~/.vscode-oss/extensions/ms-python.python-2023.20.0-universal/pythonFiles/get_output_via_markers.py ~/.vscode-oss/extensions/ms-python.python-2023.20.0-universal/pythonFiles/interpreterInfo.py
2023-12-28 14:06:50.432 [info] > /usr/bin/python -I ~/.vscode-oss/extensions/ms-python.python-2023.20.0-universal/pythonFiles/get_output_via_markers.py ~/.vscode-oss/extensions/ms-python.python-2023.20.0-universal/pythonFiles/interpreterInfo.py
2023-12-28 14:06:51.462 [info] > ~/miniforge3/bin/python -I ~/.vscode-oss/extensions/ms-python.python-2023.20.0-universal/pythonFiles/get_output_via_markers.py ~/.vscode-oss/extensions/ms-python.python-2023.20.0-universal/pythonFiles/interpreterInfo.py
2023-12-28 14:06:51.507 [info] > ~/miniforge3/envs/School/bin/python -I ~/.vscode-oss/extensions/ms-python.python-2023.20.0-universal/pythonFiles/get_output_via_markers.py ~/.vscode-oss/extensions/ms-python.python-2023.20.0-universal/pythonFiles/interpreterInfo.py
2023-12-28 14:06:51.661 [info] Python interpreter path: /bin/python
2023-12-28 14:06:53.167 [info] Starting Jedi language server for default.
