2023-12-28 14:04:26.918 [info] Started initializing default profile extensions in extensions installation folder. file:///home/smilhey/.vscode-oss/extensions
2023-12-28 14:04:27.142 [error] [uncaught exception in sharedProcess]: Error: ENOENT: no such file or directory, stat '/home/smilhey/.vscode-oss/extensions/extensions.json.vsctmp': EntryNotFound (FileSystemError): Error: ENOENT: no such file or directory, stat '/home/smilhey/.vscode-oss/extensions/extensions.json.vsctmp'
    at r.create (/usr/share/codium/resources/app/out/vs/code/node/sharedProcess/sharedProcessMain.js:51:35852)
    at a (/usr/share/codium/resources/app/out/vs/code/node/sharedProcess/sharedProcessMain.js:51:35986)
    at s.toFileSystemProviderError (/usr/share/codium/resources/app/out/vs/code/node/sharedProcess/sharedProcessMain.js:56:47852)
    at s.stat (/usr/share/codium/resources/app/out/vs/code/node/sharedProcess/sharedProcessMain.js:56:38447)
    at async C.stat (/usr/share/codium/resources/app/out/vs/code/node/sharedProcess/sharedProcessMain.js:56:20932)
    at async Y.onDidFilesChange (/usr/share/codium/resources/app/out/vs/code/node/sharedProcess/sharedProcessMain.js:100:138138)
2023-12-28 14:04:27.216 [warning] Failed to create default profile extensions manifest in extensions installation folder. file:///home/smilhey/.vscode-oss/extensions Unable to create file 'vscode-userdata:/home/smilhey/.vscode-oss/extensions/extensions.json' that already exists when overwrite flag is not set
2023-12-28 14:04:27.216 [info] Completed initializing default profile extensions in extensions installation folder. file:///home/smilhey/.vscode-oss/extensions
2023-12-28 14:05:04.753 [info] Getting Manifest... ms-toolsai.jupyter
2023-12-28 14:05:04.904 [info] Installing extension: ms-toolsai.jupyter
2023-12-28 14:05:05.224 [info] Getting Manifest... ms-toolsai.jupyter-renderers
2023-12-28 14:05:05.447 [info] Getting Manifest... ms-toolsai.jupyter-keymap
2023-12-28 14:05:05.642 [info] Getting Manifest... ms-toolsai.vscode-jupyter-cell-tags
2023-12-28 14:05:05.838 [info] Getting Manifest... ms-toolsai.vscode-jupyter-slideshow
2023-12-28 14:05:06.187 [info] Installing extension: ms-toolsai.jupyter-renderers ms-toolsai.jupyter
2023-12-28 14:05:06.187 [info] Installing extension: ms-toolsai.jupyter-keymap ms-toolsai.jupyter
2023-12-28 14:05:06.188 [info] Installing extension: ms-toolsai.vscode-jupyter-cell-tags ms-toolsai.jupyter
2023-12-28 14:05:06.188 [info] Installing extension: ms-toolsai.vscode-jupyter-slideshow ms-toolsai.jupyter
2023-12-28 14:05:07.089 [info] Extension signature verification is not done: ms-toolsai.vscode-jupyter-slideshow
2023-12-28 14:05:07.096 [info] Extension signature verification is not done: ms-toolsai.vscode-jupyter-cell-tags
2023-12-28 14:05:07.185 [info] Extracted extension to file:///home/smilhey/.vscode-oss/extensions/ms-toolsai.vscode-jupyter-slideshow-0.1.5-universal: ms-toolsai.vscode-jupyter-slideshow
2023-12-28 14:05:07.193 [info] Renamed to /home/smilhey/.vscode-oss/extensions/ms-toolsai.vscode-jupyter-slideshow-0.1.5-universal
2023-12-28 14:05:07.196 [info] Extracting extension completed. ms-toolsai.vscode-jupyter-slideshow
2023-12-28 14:05:07.198 [info] Extracted extension to file:///home/smilhey/.vscode-oss/extensions/ms-toolsai.vscode-jupyter-cell-tags-0.1.8-universal: ms-toolsai.vscode-jupyter-cell-tags
2023-12-28 14:05:07.205 [info] Renamed to /home/smilhey/.vscode-oss/extensions/ms-toolsai.vscode-jupyter-cell-tags-0.1.8-universal
2023-12-28 14:05:07.209 [info] Extracting extension completed. ms-toolsai.vscode-jupyter-cell-tags
2023-12-28 14:05:07.290 [error] [uncaught exception in sharedProcess]: Error: ENOENT: no such file or directory, stat '/home/smilhey/.vscode-oss/extensions/extensions.json.vsctmp': EntryNotFound (FileSystemError): Error: ENOENT: no such file or directory, stat '/home/smilhey/.vscode-oss/extensions/extensions.json.vsctmp'
    at r.create (/usr/share/codium/resources/app/out/vs/code/node/sharedProcess/sharedProcessMain.js:51:35852)
    at a (/usr/share/codium/resources/app/out/vs/code/node/sharedProcess/sharedProcessMain.js:51:35986)
    at s.toFileSystemProviderError (/usr/share/codium/resources/app/out/vs/code/node/sharedProcess/sharedProcessMain.js:56:47852)
    at s.stat (/usr/share/codium/resources/app/out/vs/code/node/sharedProcess/sharedProcessMain.js:56:38447)
    at async C.stat (/usr/share/codium/resources/app/out/vs/code/node/sharedProcess/sharedProcessMain.js:56:20932)
    at async Y.onDidFilesChange (/usr/share/codium/resources/app/out/vs/code/node/sharedProcess/sharedProcessMain.js:100:138138)
2023-12-28 14:05:07.492 [info] Extension signature verification is not done: ms-toolsai.jupyter-keymap
2023-12-28 14:05:07.515 [info] Extracted extension to file:///home/smilhey/.vscode-oss/extensions/ms-toolsai.jupyter-keymap-1.1.2-universal: ms-toolsai.jupyter-keymap
2023-12-28 14:05:07.523 [info] Renamed to /home/smilhey/.vscode-oss/extensions/ms-toolsai.jupyter-keymap-1.1.2-universal
2023-12-28 14:05:07.525 [info] Extracting extension completed. ms-toolsai.jupyter-keymap
2023-12-28 14:05:07.611 [error] [uncaught exception in sharedProcess]: Error: ENOENT: no such file or directory, stat '/home/smilhey/.vscode-oss/extensions/extensions.json.vsctmp': EntryNotFound (FileSystemError): Error: ENOENT: no such file or directory, stat '/home/smilhey/.vscode-oss/extensions/extensions.json.vsctmp'
    at r.create (/usr/share/codium/resources/app/out/vs/code/node/sharedProcess/sharedProcessMain.js:51:35852)
    at a (/usr/share/codium/resources/app/out/vs/code/node/sharedProcess/sharedProcessMain.js:51:35986)
    at s.toFileSystemProviderError (/usr/share/codium/resources/app/out/vs/code/node/sharedProcess/sharedProcessMain.js:56:47852)
    at s.stat (/usr/share/codium/resources/app/out/vs/code/node/sharedProcess/sharedProcessMain.js:56:38447)
    at async C.stat (/usr/share/codium/resources/app/out/vs/code/node/sharedProcess/sharedProcessMain.js:56:20932)
    at async Y.onDidFilesChange (/usr/share/codium/resources/app/out/vs/code/node/sharedProcess/sharedProcessMain.js:100:138138)
2023-12-28 14:05:10.229 [info] Extension signature verification is not done: ms-toolsai.jupyter-renderers
2023-12-28 14:05:10.803 [info] Extracted extension to file:///home/smilhey/.vscode-oss/extensions/ms-toolsai.jupyter-renderers-1.0.17-universal: ms-toolsai.jupyter-renderers
2023-12-28 14:05:10.811 [info] Renamed to /home/smilhey/.vscode-oss/extensions/ms-toolsai.jupyter-renderers-1.0.17-universal
2023-12-28 14:05:10.813 [info] Extracting extension completed. ms-toolsai.jupyter-renderers
2023-12-28 14:05:10.915 [error] [uncaught exception in sharedProcess]: Error: ENOENT: no such file or directory, stat '/home/smilhey/.vscode-oss/extensions/extensions.json.vsctmp': EntryNotFound (FileSystemError): Error: ENOENT: no such file or directory, stat '/home/smilhey/.vscode-oss/extensions/extensions.json.vsctmp'
    at r.create (/usr/share/codium/resources/app/out/vs/code/node/sharedProcess/sharedProcessMain.js:51:35852)
    at a (/usr/share/codium/resources/app/out/vs/code/node/sharedProcess/sharedProcessMain.js:51:35986)
    at s.toFileSystemProviderError (/usr/share/codium/resources/app/out/vs/code/node/sharedProcess/sharedProcessMain.js:56:47852)
    at s.stat (/usr/share/codium/resources/app/out/vs/code/node/sharedProcess/sharedProcessMain.js:56:38447)
    at async C.stat (/usr/share/codium/resources/app/out/vs/code/node/sharedProcess/sharedProcessMain.js:56:20932)
    at async Y.onDidFilesChange (/usr/share/codium/resources/app/out/vs/code/node/sharedProcess/sharedProcessMain.js:100:138138)
2023-12-28 14:05:16.501 [info] Extension signature verification is not done: ms-toolsai.jupyter
2023-12-28 14:05:17.193 [info] Extracted extension to file:///home/smilhey/.vscode-oss/extensions/ms-toolsai.jupyter-2023.9.100-universal: ms-toolsai.jupyter
2023-12-28 14:05:17.206 [info] Renamed to /home/smilhey/.vscode-oss/extensions/ms-toolsai.jupyter-2023.9.100-universal
2023-12-28 14:05:17.213 [info] Extracting extension completed. ms-toolsai.jupyter
2023-12-28 14:05:17.237 [info] Extension installed successfully: ms-toolsai.vscode-jupyter-slideshow
2023-12-28 14:05:17.237 [info] Extension installed successfully: ms-toolsai.vscode-jupyter-cell-tags
2023-12-28 14:05:17.237 [info] Extension installed successfully: ms-toolsai.jupyter-keymap
2023-12-28 14:05:17.238 [info] Extension installed successfully: ms-toolsai.jupyter-renderers
2023-12-28 14:05:17.238 [info] Extension installed successfully: ms-toolsai.jupyter
2023-12-28 14:05:17.300 [error] [uncaught exception in sharedProcess]: Error: ENOENT: no such file or directory, stat '/home/smilhey/.vscode-oss/extensions/extensions.json.vsctmp': EntryNotFound (FileSystemError): Error: ENOENT: no such file or directory, stat '/home/smilhey/.vscode-oss/extensions/extensions.json.vsctmp'
    at r.create (/usr/share/codium/resources/app/out/vs/code/node/sharedProcess/sharedProcessMain.js:51:35852)
    at a (/usr/share/codium/resources/app/out/vs/code/node/sharedProcess/sharedProcessMain.js:51:35986)
    at s.toFileSystemProviderError (/usr/share/codium/resources/app/out/vs/code/node/sharedProcess/sharedProcessMain.js:56:47852)
    at s.stat (/usr/share/codium/resources/app/out/vs/code/node/sharedProcess/sharedProcessMain.js:56:38447)
    at async C.stat (/usr/share/codium/resources/app/out/vs/code/node/sharedProcess/sharedProcessMain.js:56:20932)
    at async Y.onDidFilesChange (/usr/share/codium/resources/app/out/vs/code/node/sharedProcess/sharedProcessMain.js:100:138138)
2023-12-28 14:06:40.568 [info] Getting Manifest... ms-python.python
2023-12-28 14:06:40.708 [info] Installing extension: ms-python.python
2023-12-28 14:06:46.815 [info] Extension signature verification is not done: ms-python.python
2023-12-28 14:06:49.593 [info] Extracted extension to file:///home/smilhey/.vscode-oss/extensions/ms-python.python-2023.20.0-universal: ms-python.python
2023-12-28 14:06:49.603 [info] Renamed to /home/smilhey/.vscode-oss/extensions/ms-python.python-2023.20.0-universal
2023-12-28 14:06:49.607 [info] Extracting extension completed. ms-python.python
2023-12-28 14:06:49.626 [info] Extension installed successfully: ms-python.python
2023-12-28 14:06:49.700 [error] [uncaught exception in sharedProcess]: Error: ENOENT: no such file or directory, stat '/home/smilhey/.vscode-oss/extensions/extensions.json.vsctmp': EntryNotFound (FileSystemError): Error: ENOENT: no such file or directory, stat '/home/smilhey/.vscode-oss/extensions/extensions.json.vsctmp'
    at r.create (/usr/share/codium/resources/app/out/vs/code/node/sharedProcess/sharedProcessMain.js:51:35852)
    at a (/usr/share/codium/resources/app/out/vs/code/node/sharedProcess/sharedProcessMain.js:51:35986)
    at s.toFileSystemProviderError (/usr/share/codium/resources/app/out/vs/code/node/sharedProcess/sharedProcessMain.js:56:47852)
    at s.stat (/usr/share/codium/resources/app/out/vs/code/node/sharedProcess/sharedProcessMain.js:56:38447)
    at async C.stat (/usr/share/codium/resources/app/out/vs/code/node/sharedProcess/sharedProcessMain.js:56:20932)
    at async Y.onDidFilesChange (/usr/share/codium/resources/app/out/vs/code/node/sharedProcess/sharedProcessMain.js:100:138138)
